<?xml version="1.0" encoding="UTF-8"?>
<!-- Generated by org.testng.reporters.JUnitReportReporter -->
<testsuite hostname="D-184003189" name="Selpack.Testc1" tests="6" failures="0" timestamp="19 Feb 2018 06:18:45 GMT" time="74.789" errors="0">
  <testcase name="Launchbrowser" time="2.289" classname="Selpack.Testc1"/>
  <testcase name="opencart" time="1.600" classname="Selpack.Testc1"/>
  <testcase name="ratingsteps" time="10.395" classname="Selpack.Testc1"/>
  <testcase name="steps" time="28.536" classname="Selpack.Testc1"/>
  <testcase name="wishlist" time="14.953" classname="Selpack.Testc1"/>
  <testcase name="ratingsteps" time="17.016" classname="Selpack.Testc1"/>
</testsuite> <!-- Selpack.Testc1 -->
