<?xml version="1.0" encoding="UTF-8"?>
<!-- Generated by org.testng.reporters.JUnitReportReporter -->
<testsuite hostname="D-184003189" name="Selpack.Testop4" tests="1" failures="0" timestamp="19 Feb 2018 06:18:45 GMT" time="70.005" errors="0">
  <testcase name="logincred" time="70.005" classname="Selpack.Testop4"/>
</testsuite> <!-- Selpack.Testop4 -->
