<?xml version="1.0" encoding="UTF-8"?>
<!-- Generated by org.testng.reporters.JUnitReportReporter -->
<testsuite hostname="D-184003189" name="Selpack.Testop2" tests="2" failures="0" timestamp="19 Feb 2018 06:18:45 GMT" time="49.199" errors="0">
  <testcase name="logincred" time="6.633" classname="Selpack.Testop2"/>
  <testcase name="searchtest" time="42.566" classname="Selpack.Testop2"/>
</testsuite> <!-- Selpack.Testop2 -->
