<?xml version="1.0" encoding="UTF-8"?>
<!-- Generated by org.testng.reporters.JUnitReportReporter -->
<testsuite hostname="D-184003189" name="Selpack.Testc1" tests="6" failures="0" timestamp="19 Feb 2018 09:31:56 GMT" time="84.868" errors="0">
  <testcase name="ratingsteps" time="16.664" classname="Selpack.Testc1"/>
  <testcase name="opencart" time="1.762" classname="Selpack.Testc1"/>
  <testcase name="steps" time="31.629" classname="Selpack.Testc1"/>
  <testcase name="ratingsteps" time="16.740" classname="Selpack.Testc1"/>
  <testcase name="Launchbrowser" time="2.791" classname="Selpack.Testc1"/>
  <testcase name="wishlist" time="15.282" classname="Selpack.Testc1"/>
</testsuite> <!-- Selpack.Testc1 -->
