<?xml version="1.0" encoding="UTF-8"?>
<!-- Generated by org.testng.reporters.JUnitReportReporter -->
<testsuite hostname="D-184003189" name="Selpack.Testc1" tests="6" failures="0" timestamp="15 Feb 2018 10:06:18 GMT" time="84.352" errors="0">
  <testcase name="Launchbrowser" time="2.286" classname="Selpack.Testc1"/>
  <testcase name="wishlist" time="14.778" classname="Selpack.Testc1"/>
  <testcase name="ratingsteps" time="26.129" classname="Selpack.Testc1"/>
  <testcase name="steps" time="26.421" classname="Selpack.Testc1"/>
  <testcase name="ratingsteps" time="12.546" classname="Selpack.Testc1"/>
  <testcase name="opencart" time="2.192" classname="Selpack.Testc1"/>
</testsuite> <!-- Selpack.Testc1 -->
