<?xml version="1.0" encoding="UTF-8"?>
<!-- Generated by org.testng.reporters.JUnitReportReporter -->
<testsuite hostname="D-184003189" name="Selpack.Testop2" tests="2" failures="0" timestamp="15 Feb 2018 10:29:01 GMT" time="49.728" errors="0">
  <testcase name="logincred" time="6.648" classname="Selpack.Testop2"/>
  <testcase name="searchtest" time="43.080" classname="Selpack.Testop2"/>
</testsuite> <!-- Selpack.Testop2 -->
