<?xml version="1.0" encoding="UTF-8"?>
<!-- Generated by org.testng.reporters.JUnitReportReporter -->
<testsuite hostname="D-184003189" name="Selpack.Testop4" tests="1" failures="0" timestamp="19 Feb 2018 09:16:20 GMT" time="107.673" errors="0">
  <testcase name="logincred" time="107.673" classname="Selpack.Testop4"/>
</testsuite> <!-- Selpack.Testop4 -->
