<?xml version="1.0" encoding="UTF-8"?>
<!-- Generated by org.testng.reporters.JUnitReportReporter -->
<testsuite hostname="D-184003189" name="Selpack.Testop4" tests="1" failures="0" timestamp="15 Feb 2018 10:01:31 GMT" time="69.385" errors="0">
  <testcase name="logincred" time="69.385" classname="Selpack.Testop4"/>
</testsuite> <!-- Selpack.Testop4 -->
